./sdriver.pl -t trace01.txt -s ./tsh -a "-p"
#
# trace01.txt - Properly terminate on EOF.
#
./sdriver.pl -t trace02.txt -s ./tsh -a "-p"
#
# trace02.txt - Process builtin quit command.
#
./sdriver.pl -t trace03.txt -s ./tsh -a "-p"
#
# trace03.txt - Run a foreground job.
#
tsh> quit
./sdriver.pl -t trace04.txt -s ./tsh -a "-p"
#
# trace04.txt - Run a background job.
#
tsh> ./myspin 1 &
[1] (30452) ./myspin 1 &
./sdriver.pl -t trace05.txt -s ./tsh -a "-p"
#
# trace05.txt - Process jobs builtin command.
#
tsh> ./myspin 2 &
[1] (30458) ./myspin 2 &
tsh> ./myspin 3 &
[2] (30460) ./myspin 3 &
tsh> jobs
[1] (30458) Running ./myspin 2 &
[2] (30460) Running ./myspin 3 &
./sdriver.pl -t trace06.txt -s ./tsh -a "-p"
#
# trace06.txt - Forward SIGINT to foreground job.
#
tsh> ./myspin 4
Job [1] (30468) Terminated by signal 2
./sdriver.pl -t trace07.txt -s ./tsh -a "-p"
#
# trace07.txt - Forward SIGINT only to foreground job.
#
tsh> ./myspin 4 &
[1] (30474) ./myspin 4 &
tsh> ./myspin 5
Job [2] (30476) Terminated by signal 2
tsh> jobs
[1] (30474) Running ./myspin 4 &
./sdriver.pl -t trace08.txt -s ./tsh -a "-p"
#
# trace08.txt - Forward SIGTSTP only to foreground job.
#
tsh> ./myspin 4 &
[1] (30483) ./myspin 4 &
tsh> ./myspin 5
Job [2] (30485) stopped by singal 20
tsh> jobs
[1] (30483) Running ./myspin 4 &
[2] (30485) Stopped ./myspin 5 
./sdriver.pl -t trace09.txt -s ./tsh -a "-p"
#
# trace09.txt - Process bg builtin command
#
tsh> ./myspin 4 &
[1] (30493) ./myspin 4 &
tsh> ./myspin 5
Job [2] (30495) stopped by singal 20
tsh> jobs
[1] (30493) Running ./myspin 4 &
[2] (30495) Stopped ./myspin 5 
tsh> bg %2
tsh> jobs
[1] (30493) Running ./myspin 4 &
[2] (30495) Running ./myspin 5 
./sdriver.pl -t trace10.txt -s ./tsh -a "-p"
#
# trace10.txt - Process fg builtin command. 
#
tsh> ./myspin 4 &
[1] (30504) ./myspin 4 &
tsh> fg %1
Job [1] (30504) stopped by singal 20
tsh> jobs
[1] (30504) Stopped ./myspin 4 &
tsh> fg %1
tsh> jobs
./sdriver.pl -t trace11.txt -s ./tsh -a "-p"
#
# trace11.txt - Forward SIGINT to every process in foreground process group
#
tsh> ./mysplit 4
Job [1] (30515) Terminated by signal 2
tsh> /bin/ps a
    PID TTY      STAT   TIME COMMAND
   1989 tty2     Ssl+   0:00 /usr/lib/gdm3/gdm-x-session --run-script env GNOME_SHELL_SESSION_MODE=ubuntu /usr/bin/gnome-session --systemd --session=ubuntu
   1993 tty2     Sl+    1:44 /usr/lib/xorg/Xorg vt2 -displayfd 3 -auth /run/user/1000/gdm/Xauthority -background none -noreset -keeptty -verbose 3
   2037 tty2     Sl+    0:00 /usr/libexec/gnome-session-binary --systemd --systemd --session=ubuntu
  18181 pts/0    Ss     0:00 bash
  18556 pts/1    Ss     0:00 bash
  25443 pts/1    T      0:00 make test16
  25444 pts/1    T      0:00 /bin/sh -c ./sdriver.pl -t trace16.txt -s ./tsh -a "-p"
  25445 pts/1    T      0:00 /usr/bin/perl ./sdriver.pl -t trace16.txt -s ./tsh -a -p
  25446 pts/1    Z      0:00 [tsh] <defunct>
  28021 pts/0    S+     0:00 sudo vim tsh.c
  28022 pts/0    Sl+    1:04 vim tsh.c
  30510 pts/1    S+     0:00 make test11
  30511 pts/1    S+     0:00 /bin/sh -c ./sdriver.pl -t trace11.txt -s ./tsh -a "-p"
  30512 pts/1    S+     0:00 /usr/bin/perl ./sdriver.pl -t trace11.txt -s ./tsh -a -p
  30513 pts/1    S+     0:00 ./tsh -p
  30516 pts/1    S      0:00 ./mysplit 4
  30518 pts/1    R      0:00 /bin/ps a
./sdriver.pl -t trace12.txt -s ./tsh -a "-p"
#
# trace12.txt - Forward SIGTSTP to every process in foreground process group
#
tsh> ./mysplit 4
Job [1] (30524) stopped by singal 20
tsh> jobs
[1] (30524) Stopped ./mysplit 4 
tsh> /bin/ps a
    PID TTY      STAT   TIME COMMAND
   1989 tty2     Ssl+   0:00 /usr/lib/gdm3/gdm-x-session --run-script env GNOME_SHELL_SESSION_MODE=ubuntu /usr/bin/gnome-session --systemd --session=ubuntu
   1993 tty2     Sl+    1:44 /usr/lib/xorg/Xorg vt2 -displayfd 3 -auth /run/user/1000/gdm/Xauthority -background none -noreset -keeptty -verbose 3
   2037 tty2     Sl+    0:00 /usr/libexec/gnome-session-binary --systemd --systemd --session=ubuntu
  18181 pts/0    Ss     0:00 bash
  18556 pts/1    Ss     0:00 bash
  25443 pts/1    T      0:00 make test16
  25444 pts/1    T      0:00 /bin/sh -c ./sdriver.pl -t trace16.txt -s ./tsh -a "-p"
  25445 pts/1    T      0:00 /usr/bin/perl ./sdriver.pl -t trace16.txt -s ./tsh -a -p
  25446 pts/1    Z      0:00 [tsh] <defunct>
  28021 pts/0    S+     0:00 sudo vim tsh.c
  28022 pts/0    Sl+    1:04 vim tsh.c
  30519 pts/1    S+     0:00 make test12
  30520 pts/1    S+     0:00 /bin/sh -c ./sdriver.pl -t trace12.txt -s ./tsh -a "-p"
  30521 pts/1    S+     0:00 /usr/bin/perl ./sdriver.pl -t trace12.txt -s ./tsh -a -p
  30522 pts/1    S+     0:00 ./tsh -p
  30524 pts/1    T      0:00 ./mysplit 4
  30525 pts/1    S      0:00 ./mysplit 4
  30528 pts/1    R      0:00 /bin/ps a
./sdriver.pl -t trace13.txt -s ./tsh -a "-p"
#
# trace13.txt - Restart every stopped process in process group
#
tsh> ./mysplit 4
Job [1] (30534) stopped by singal 20
tsh> jobs
[1] (30534) Stopped ./mysplit 4 
tsh> /bin/ps a
    PID TTY      STAT   TIME COMMAND
   1989 tty2     Ssl+   0:00 /usr/lib/gdm3/gdm-x-session --run-script env GNOME_SHELL_SESSION_MODE=ubuntu /usr/bin/gnome-session --systemd --session=ubuntu
   1993 tty2     Sl+    1:44 /usr/lib/xorg/Xorg vt2 -displayfd 3 -auth /run/user/1000/gdm/Xauthority -background none -noreset -keeptty -verbose 3
   2037 tty2     Sl+    0:00 /usr/libexec/gnome-session-binary --systemd --systemd --session=ubuntu
  18181 pts/0    Ss     0:00 bash
  18556 pts/1    Ss     0:00 bash
  25443 pts/1    T      0:00 make test16
  25444 pts/1    T      0:00 /bin/sh -c ./sdriver.pl -t trace16.txt -s ./tsh -a "-p"
  25445 pts/1    T      0:00 /usr/bin/perl ./sdriver.pl -t trace16.txt -s ./tsh -a -p
  25446 pts/1    Z      0:00 [tsh] <defunct>
  28021 pts/0    S+     0:00 sudo vim tsh.c
  28022 pts/0    Sl+    1:04 vim tsh.c
  30529 pts/1    S+     0:00 make test13
  30530 pts/1    S+     0:00 /bin/sh -c ./sdriver.pl -t trace13.txt -s ./tsh -a "-p"
  30531 pts/1    S+     0:00 /usr/bin/perl ./sdriver.pl -t trace13.txt -s ./tsh -a -p
  30532 pts/1    S+     0:00 ./tsh -p
  30534 pts/1    T      0:00 ./mysplit 4
  30535 pts/1    S      0:00 ./mysplit 4
  30538 pts/1    R      0:00 /bin/ps a
tsh> fg %1
tsh> /bin/ps a
    PID TTY      STAT   TIME COMMAND
   1989 tty2     Ssl+   0:00 /usr/lib/gdm3/gdm-x-session --run-script env GNOME_SHELL_SESSION_MODE=ubuntu /usr/bin/gnome-session --systemd --session=ubuntu
   1993 tty2     Sl+    1:44 /usr/lib/xorg/Xorg vt2 -displayfd 3 -auth /run/user/1000/gdm/Xauthority -background none -noreset -keeptty -verbose 3
   2037 tty2     Sl+    0:00 /usr/libexec/gnome-session-binary --systemd --systemd --session=ubuntu
  18181 pts/0    Ss     0:00 bash
  18556 pts/1    Ss     0:00 bash
  25443 pts/1    T      0:00 make test16
  25444 pts/1    T      0:00 /bin/sh -c ./sdriver.pl -t trace16.txt -s ./tsh -a "-p"
  25445 pts/1    T      0:00 /usr/bin/perl ./sdriver.pl -t trace16.txt -s ./tsh -a -p
  25446 pts/1    Z      0:00 [tsh] <defunct>
  28021 pts/0    S+     0:00 sudo vim tsh.c
  28022 pts/0    Sl+    1:04 vim tsh.c
  30529 pts/1    S+     0:00 make test13
  30530 pts/1    S+     0:00 /bin/sh -c ./sdriver.pl -t trace13.txt -s ./tsh -a "-p"
  30531 pts/1    S+     0:00 /usr/bin/perl ./sdriver.pl -t trace13.txt -s ./tsh -a -p
  30532 pts/1    S+     0:00 ./tsh -p
  30542 pts/1    R      0:00 /bin/ps a
./sdriver.pl -t trace14.txt -s ./tsh -a "-p"
#
# trace14.txt - Simple error handling
#
tsh> ./bogus
./bogus: No such file or directory
tsh> ./myspin 4 &
[1] (30550) ./myspin 4 &
tsh> fg
fg: command requires PID or %jobid argument
tsh> bg
bg: command requires PID or %jobid argument
tsh> fg a
fg: argument must be a PID or %jobid
tsh> bg a
bg: argument must be a PID or %jobid
tsh> fg 9999999
(9999999): No such process
tsh> bg 9999999
(9999999): No such process
tsh> fg %2
%2: No such job
tsh> fg %1
Job [1] (30550) stopped by singal 20
tsh> bg %2
%2: No such job
tsh> bg %1
tsh> jobs
[1] (30550) Running ./myspin 4 &
./sdriver.pl -t trace15.txt -s ./tsh -a "-p"
#
# trace15.txt - Putting it all together
#
tsh> ./bogus
./bogus: No such file or directory
tsh> ./myspin 10
Job [1] (30569) Terminated by signal 2
tsh> ./myspin 3 &
[1] (30571) ./myspin 3 &
tsh> ./myspin 4 &
[2] (30573) ./myspin 4 &
tsh> jobs
[1] (30571) Running ./myspin 3 &
[2] (30573) Running ./myspin 4 &
tsh> fg %1
Job [1] (30571) stopped by singal 20
tsh> jobs
[1] (30571) Stopped ./myspin 3 &
[2] (30573) Running ./myspin 4 &
tsh> bg %3
%3: No such job
tsh> bg %1
tsh> jobs
[1] (30571) Running ./myspin 3 &
[2] (30573) Running ./myspin 4 &
tsh> fg %1
tsh> quit
./sdriver.pl -t trace16.txt -s ./tsh -a "-p"
#
# trace16.txt - Tests whether the shell can handle SIGTSTP and SIGINT
#     signals that come from other processes instead of the terminal.
#
tsh> ./mystop 2
Job [1] (30588) stopped by singal 20
tsh> jobs
[1] (30588) Stopped ./mystop 2
tsh> ./myint 2
Job [2] (30591) Terminated by signal 2
